<?xml version="1.0" encoding="UTF-8"?>
<testng-results ignored="0" total="1" passed="1" failed="0" skipped="0">
  <reporter-output>
  </reporter-output>
  <suite started-at="2022-12-16T18:14:45 IST" name="Default suite" finished-at="2022-12-16T18:14:49 IST" duration-ms="3933">
    <groups>
    </groups>
    <test started-at="2022-12-16T18:14:45 IST" name="Default test" finished-at="2022-12-16T18:14:49 IST" duration-ms="3933">
      <class name="testPkg.Test1Class">
        <test-method signature="LaunchBrowser()[pri:0, instance:testPkg.Test1Class@67080771]" started-at="2022-12-16T18:14:45 IST" name="LaunchBrowser" finished-at="2022-12-16T18:14:49 IST" duration-ms="3849" status="PASS">
          <reporter-output>
          </reporter-output>
        </test-method> <!-- LaunchBrowser -->
      </class> <!-- testPkg.Test1Class -->
    </test> <!-- Default test -->
  </suite> <!-- Default suite -->
</testng-results>
